<?xml version="1.0" encoding="UTF-8"?>
<!-- Generated by org.testng.reporters.JUnitReportReporter -->
<testsuite hostname="LAPTOP-GUB0VD35" failures="0" tests="4" name="apiTest" time="5.310" errors="0" timestamp="2020-04-24T13:30:25 IST" skipped="0">
  <testcase classname="apiTest" name="getRequest" time="0.196"/>
  <system-out/>
  <testcase classname="apiTest" name="deleteRequest" time="3.224"/>
  <system-out/>
  <testcase classname="apiTest" name="postRequest" time="0.994"/>
  <system-out/>
  <testcase classname="apiTest" name="putRequest" time="0.896"/>
  <system-out/>
</testsuite> <!-- apiTest -->
